2022-02-08 19:45:26.747 WARN  org.springframework.boot.StartupInfoLogger        :117  [32m                  [0;39m InetAddress.getLocalHost().getHostName() took 5001 milliseconds to respond. Please verify your network configuration (macOS machines may need to add entries to /etc/hosts).
2022-02-08 19:45:31.754 INFO  com.sy.wiki.WikiApplication                       :55   [32m                  [0;39m Starting WikiApplication using Java 1.8.0_291 on Aliyun-Java-Developer-P6-2.local with PID 35801 (/Users/apple/IdeaProjects/wiki/target/classes started by apple in /Users/apple/IdeaProjects/wiki)
2022-02-08 19:45:31.755 INFO  com.sy.wiki.WikiApplication                       :660  [32m                  [0;39m No active profile set, falling back to default profiles: default
2022-02-08 19:45:31.797 INFO  o.s.b.d.env.DevToolsPropertyDefaultsPostProcessor :255  [32m                  [0;39m Devtools property defaults active! Set 'spring.devtools.add-properties' to 'false' to disable
2022-02-08 19:45:31.798 INFO  o.s.b.d.env.DevToolsPropertyDefaultsPostProcessor :255  [32m                  [0;39m For additional web related logging consider setting the 'logging.level.web' property to 'DEBUG'
2022-02-08 19:45:32.533 INFO  o.s.boot.web.embedded.tomcat.TomcatWebServer      :108  [32m                  [0;39m Tomcat initialized with port(s): 8080 (http)
2022-02-08 19:45:32.543 INFO  org.apache.coyote.http11.Http11NioProtocol        :173  [32m                  [0;39m Initializing ProtocolHandler ["http-nio-8080"]
2022-02-08 19:45:32.543 INFO  org.apache.catalina.core.StandardService          :173  [32m                  [0;39m Starting service [Tomcat]
2022-02-08 19:45:32.544 INFO  org.apache.catalina.core.StandardEngine           :173  [32m                  [0;39m Starting Servlet engine: [Apache Tomcat/9.0.39]
2022-02-08 19:45:32.594 INFO  o.a.c.core.ContainerBase.[Tomcat].[localhost].[/] :173  [32m                  [0;39m Initializing Spring embedded WebApplicationContext
2022-02-08 19:45:32.594 INFO  o.s.b.w.s.c.ServletWebServerApplicationContext    :289  [32m                  [0;39m Root WebApplicationContext: initialization completed in 795 ms
2022-02-08 19:45:32.727 INFO  o.s.scheduling.concurrent.ThreadPoolTaskExecutor  :181  [32m                  [0;39m Initializing ExecutorService 'applicationTaskExecutor'
2022-02-08 19:45:32.883 INFO  o.s.b.d.autoconfigure.OptionalLiveReloadServer    :58   [32m                  [0;39m LiveReload server is running on port 35729
2022-02-08 19:45:32.895 INFO  org.apache.coyote.http11.Http11NioProtocol        :173  [32m                  [0;39m Starting ProtocolHandler ["http-nio-8080"]
2022-02-08 19:45:32.913 INFO  o.s.boot.web.embedded.tomcat.TomcatWebServer      :220  [32m                  [0;39m Tomcat started on port(s): 8080 (http) with context path ''
2022-02-08 19:45:32.922 INFO  com.sy.wiki.WikiApplication                       :61   [32m                  [0;39m Started WikiApplication in 21.578 seconds (JVM running for 27.054)
2022-02-08 19:45:32.924 INFO  com.sy.wiki.WikiApplication                       :16   [32m                  [0;39m 启动成功!!!
2022-02-08 19:45:32.925 INFO  com.sy.wiki.WikiApplication                       :17   [32m                  [0;39m 地址: 	http://127.0.0.1:null
2022-02-08 19:47:00.870 INFO  o.s.scheduling.concurrent.ThreadPoolTaskExecutor  :218  [32m                  [0;39m Shutting down ExecutorService 'applicationTaskExecutor'
2022-02-08 19:47:24.196 WARN  org.springframework.boot.StartupInfoLogger        :117  [32m                  [0;39m InetAddress.getLocalHost().getHostName() took 5002 milliseconds to respond. Please verify your network configuration (macOS machines may need to add entries to /etc/hosts).
2022-02-08 19:47:29.202 INFO  com.sy.wiki.WikiApplication                       :55   [32m                  [0;39m Starting WikiApplication using Java 1.8.0_291 on Aliyun-Java-Developer-P6-2.local with PID 35857 (/Users/apple/IdeaProjects/wiki/target/classes started by apple in /Users/apple/IdeaProjects/wiki)
2022-02-08 19:47:29.203 INFO  com.sy.wiki.WikiApplication                       :660  [32m                  [0;39m No active profile set, falling back to default profiles: default
2022-02-08 19:47:29.233 INFO  o.s.b.d.env.DevToolsPropertyDefaultsPostProcessor :255  [32m                  [0;39m Devtools property defaults active! Set 'spring.devtools.add-properties' to 'false' to disable
2022-02-08 19:47:29.234 INFO  o.s.b.d.env.DevToolsPropertyDefaultsPostProcessor :255  [32m                  [0;39m For additional web related logging consider setting the 'logging.level.web' property to 'DEBUG'
2022-02-08 19:47:29.801 INFO  o.s.boot.web.embedded.tomcat.TomcatWebServer      :108  [32m                  [0;39m Tomcat initialized with port(s): 8081 (http)
2022-02-08 19:47:29.807 INFO  org.apache.coyote.http11.Http11NioProtocol        :173  [32m                  [0;39m Initializing ProtocolHandler ["http-nio-8081"]
2022-02-08 19:47:29.808 INFO  org.apache.catalina.core.StandardService          :173  [32m                  [0;39m Starting service [Tomcat]
2022-02-08 19:47:29.808 INFO  org.apache.catalina.core.StandardEngine           :173  [32m                  [0;39m Starting Servlet engine: [Apache Tomcat/9.0.39]
2022-02-08 19:47:29.849 INFO  o.a.c.core.ContainerBase.[Tomcat].[localhost].[/] :173  [32m                  [0;39m Initializing Spring embedded WebApplicationContext
2022-02-08 19:47:29.849 INFO  o.s.b.w.s.c.ServletWebServerApplicationContext    :289  [32m                  [0;39m Root WebApplicationContext: initialization completed in 615 ms
2022-02-08 19:47:29.960 INFO  o.s.scheduling.concurrent.ThreadPoolTaskExecutor  :181  [32m                  [0;39m Initializing ExecutorService 'applicationTaskExecutor'
2022-02-08 19:47:30.065 INFO  o.s.b.d.autoconfigure.OptionalLiveReloadServer    :58   [32m                  [0;39m LiveReload server is running on port 35729
2022-02-08 19:47:30.076 INFO  org.apache.coyote.http11.Http11NioProtocol        :173  [32m                  [0;39m Starting ProtocolHandler ["http-nio-8081"]
2022-02-08 19:47:30.093 INFO  o.s.boot.web.embedded.tomcat.TomcatWebServer      :220  [32m                  [0;39m Tomcat started on port(s): 8081 (http) with context path ''
2022-02-08 19:47:30.102 INFO  com.sy.wiki.WikiApplication                       :61   [32m                  [0;39m Started WikiApplication in 21.257 seconds (JVM running for 26.708)
2022-02-08 19:47:30.105 INFO  com.sy.wiki.WikiApplication                       :16   [32m                  [0;39m 启动成功!!!
2022-02-08 19:47:30.105 INFO  com.sy.wiki.WikiApplication                       :17   [32m                  [0;39m 地址: 	http://127.0.0.1:8081
2022-02-08 19:48:13.574 INFO  o.a.c.core.ContainerBase.[Tomcat].[localhost].[/] :173  [32m                  [0;39m Initializing Spring DispatcherServlet 'dispatcherServlet'
2022-02-08 19:48:13.575 INFO  org.springframework.web.servlet.DispatcherServlet :525  [32m                  [0;39m Initializing Servlet 'dispatcherServlet'
2022-02-08 19:48:13.577 INFO  org.springframework.web.servlet.DispatcherServlet :547  [32m                  [0;39m Completed initialization in 1 ms
2022-02-08 20:41:21.360 INFO  o.s.scheduling.concurrent.ThreadPoolTaskExecutor  :218  [32m                  [0;39m Shutting down ExecutorService 'applicationTaskExecutor'
2022-02-08 23:30:36.328 WARN  org.springframework.boot.StartupInfoLogger        :117  [32m                  [0;39m InetAddress.getLocalHost().getHostName() took 5001 milliseconds to respond. Please verify your network configuration (macOS machines may need to add entries to /etc/hosts).
2022-02-08 23:30:41.336 INFO  com.sy.wiki.WikiApplication                       :55   [32m                  [0;39m Starting WikiApplication using Java 1.8.0_291 on Aliyun-Java-Developer-P6-2.local with PID 41435 (/Users/apple/IdeaProjects/wiki/target/classes started by apple in /Users/apple/IdeaProjects/wiki)
2022-02-08 23:30:41.337 INFO  com.sy.wiki.WikiApplication                       :660  [32m                  [0;39m No active profile set, falling back to default profiles: default
2022-02-08 23:30:41.376 INFO  o.s.b.d.env.DevToolsPropertyDefaultsPostProcessor :255  [32m                  [0;39m Devtools property defaults active! Set 'spring.devtools.add-properties' to 'false' to disable
2022-02-08 23:30:41.377 INFO  o.s.b.d.env.DevToolsPropertyDefaultsPostProcessor :255  [32m                  [0;39m For additional web related logging consider setting the 'logging.level.web' property to 'DEBUG'
2022-02-08 23:30:42.137 INFO  o.s.boot.web.embedded.tomcat.TomcatWebServer      :108  [32m                  [0;39m Tomcat initialized with port(s): 8081 (http)
2022-02-08 23:30:42.142 INFO  org.apache.coyote.http11.Http11NioProtocol        :173  [32m                  [0;39m Initializing ProtocolHandler ["http-nio-8081"]
2022-02-08 23:30:42.143 INFO  org.apache.catalina.core.StandardService          :173  [32m                  [0;39m Starting service [Tomcat]
2022-02-08 23:30:42.143 INFO  org.apache.catalina.core.StandardEngine           :173  [32m                  [0;39m Starting Servlet engine: [Apache Tomcat/9.0.39]
2022-02-08 23:30:42.184 INFO  o.a.c.core.ContainerBase.[Tomcat].[localhost].[/] :173  [32m                  [0;39m Initializing Spring embedded WebApplicationContext
2022-02-08 23:30:42.184 INFO  o.s.b.w.s.c.ServletWebServerApplicationContext    :289  [32m                  [0;39m Root WebApplicationContext: initialization completed in 807 ms
2022-02-08 23:30:42.479 INFO  o.s.scheduling.concurrent.ThreadPoolTaskExecutor  :181  [32m                  [0;39m Initializing ExecutorService 'applicationTaskExecutor'
2022-02-08 23:30:42.695 INFO  o.s.b.d.autoconfigure.OptionalLiveReloadServer    :58   [32m                  [0;39m LiveReload server is running on port 35729
2022-02-08 23:30:42.708 INFO  org.apache.coyote.http11.Http11NioProtocol        :173  [32m                  [0;39m Starting ProtocolHandler ["http-nio-8081"]
2022-02-08 23:30:42.728 INFO  o.s.boot.web.embedded.tomcat.TomcatWebServer      :220  [32m                  [0;39m Tomcat started on port(s): 8081 (http) with context path ''
2022-02-08 23:30:42.740 INFO  com.sy.wiki.WikiApplication                       :61   [32m                  [0;39m Started WikiApplication in 21.797 seconds (JVM running for 27.262)
2022-02-08 23:30:42.742 INFO  com.sy.wiki.WikiApplication                       :20   [32m                  [0;39m 启动成功!!!
2022-02-08 23:30:42.742 INFO  com.sy.wiki.WikiApplication                       :21   [32m                  [0;39m 地址: 	http://127.0.0.1:8081
2022-02-08 23:31:05.771 INFO  o.a.c.core.ContainerBase.[Tomcat].[localhost].[/] :173  [32m                  [0;39m Initializing Spring DispatcherServlet 'dispatcherServlet'
2022-02-08 23:31:05.772 INFO  org.springframework.web.servlet.DispatcherServlet :525  [32m                  [0;39m Initializing Servlet 'dispatcherServlet'
2022-02-08 23:31:05.773 INFO  org.springframework.web.servlet.DispatcherServlet :547  [32m                  [0;39m Completed initialization in 1 ms
2022-02-08 23:31:05.799 INFO  com.zaxxer.hikari.HikariDataSource                :110  [32m                  [0;39m HikariPool-1 - Starting...
2022-02-08 23:31:06.113 INFO  com.zaxxer.hikari.HikariDataSource                :123  [32m                  [0;39m HikariPool-1 - Start completed.
2022-02-08 23:34:26.837 INFO  o.s.scheduling.concurrent.ThreadPoolTaskExecutor  :218  [32m                  [0;39m Shutting down ExecutorService 'applicationTaskExecutor'
2022-02-08 23:34:26.838 INFO  com.zaxxer.hikari.HikariDataSource                :350  [32m                  [0;39m HikariPool-1 - Shutdown initiated...
2022-02-08 23:34:26.845 INFO  com.zaxxer.hikari.HikariDataSource                :352  [32m                  [0;39m HikariPool-1 - Shutdown completed.
2022-02-08 23:34:41.969 WARN  org.springframework.boot.StartupInfoLogger        :117  [32m                  [0;39m InetAddress.getLocalHost().getHostName() took 5002 milliseconds to respond. Please verify your network configuration (macOS machines may need to add entries to /etc/hosts).
2022-02-08 23:34:46.972 INFO  com.sy.wiki.WikiApplication                       :55   [32m                  [0;39m Starting WikiApplication using Java 1.8.0_291 on Aliyun-Java-Developer-P6-2.local with PID 41435 (/Users/apple/IdeaProjects/wiki/target/classes started by apple in /Users/apple/IdeaProjects/wiki)
2022-02-08 23:34:46.972 INFO  com.sy.wiki.WikiApplication                       :660  [32m                  [0;39m No active profile set, falling back to default profiles: default
2022-02-08 23:34:47.140 INFO  o.s.boot.web.embedded.tomcat.TomcatWebServer      :108  [32m                  [0;39m Tomcat initialized with port(s): 8081 (http)
2022-02-08 23:34:47.141 INFO  org.apache.coyote.http11.Http11NioProtocol        :173  [32m                  [0;39m Initializing ProtocolHandler ["http-nio-8081"]
2022-02-08 23:34:47.141 INFO  org.apache.catalina.core.StandardService          :173  [32m                  [0;39m Starting service [Tomcat]
2022-02-08 23:34:47.142 INFO  org.apache.catalina.core.StandardEngine           :173  [32m                  [0;39m Starting Servlet engine: [Apache Tomcat/9.0.39]
2022-02-08 23:34:47.148 INFO  o.a.c.core.ContainerBase.[Tomcat].[localhost].[/] :173  [32m                  [0;39m Initializing Spring embedded WebApplicationContext
2022-02-08 23:34:47.148 INFO  o.s.b.w.s.c.ServletWebServerApplicationContext    :289  [32m                  [0;39m Root WebApplicationContext: initialization completed in 172 ms
2022-02-08 23:34:47.213 INFO  o.s.scheduling.concurrent.ThreadPoolTaskExecutor  :181  [32m                  [0;39m Initializing ExecutorService 'applicationTaskExecutor'
2022-02-08 23:34:47.255 INFO  o.s.b.d.autoconfigure.OptionalLiveReloadServer    :58   [32m                  [0;39m LiveReload server is running on port 35729
2022-02-08 23:34:47.262 INFO  org.apache.coyote.http11.Http11NioProtocol        :173  [32m                  [0;39m Starting ProtocolHandler ["http-nio-8081"]
2022-02-08 23:34:47.264 INFO  o.s.boot.web.embedded.tomcat.TomcatWebServer      :220  [32m                  [0;39m Tomcat started on port(s): 8081 (http) with context path ''
2022-02-08 23:34:47.268 INFO  com.sy.wiki.WikiApplication                       :61   [32m                  [0;39m Started WikiApplication in 20.335 seconds (JVM running for 271.797)
2022-02-08 23:34:47.269 INFO  o.s.b.d.a.ConditionEvaluationDeltaLoggingListener :63   [32m                  [0;39m Condition evaluation unchanged
2022-02-08 23:34:47.270 INFO  com.sy.wiki.WikiApplication                       :20   [32m                  [0;39m 启动成功!!!
2022-02-08 23:34:47.270 INFO  com.sy.wiki.WikiApplication                       :21   [32m                  [0;39m 地址: 	http://127.0.0.1:8081
2022-02-08 23:34:48.735 INFO  o.s.scheduling.concurrent.ThreadPoolTaskExecutor  :218  [32m                  [0;39m Shutting down ExecutorService 'applicationTaskExecutor'
2022-02-08 23:35:03.861 WARN  org.springframework.boot.StartupInfoLogger        :117  [32m                  [0;39m InetAddress.getLocalHost().getHostName() took 5002 milliseconds to respond. Please verify your network configuration (macOS machines may need to add entries to /etc/hosts).
2022-02-08 23:35:08.863 INFO  com.sy.wiki.WikiApplication                       :55   [32m                  [0;39m Starting WikiApplication using Java 1.8.0_291 on Aliyun-Java-Developer-P6-2.local with PID 41435 (/Users/apple/IdeaProjects/wiki/target/classes started by apple in /Users/apple/IdeaProjects/wiki)
2022-02-08 23:35:08.864 INFO  com.sy.wiki.WikiApplication                       :660  [32m                  [0;39m No active profile set, falling back to default profiles: default
2022-02-08 23:35:09.001 INFO  o.s.boot.web.embedded.tomcat.TomcatWebServer      :108  [32m                  [0;39m Tomcat initialized with port(s): 8081 (http)
2022-02-08 23:35:09.002 INFO  org.apache.coyote.http11.Http11NioProtocol        :173  [32m                  [0;39m Initializing ProtocolHandler ["http-nio-8081"]
2022-02-08 23:35:09.003 INFO  org.apache.catalina.core.StandardService          :173  [32m                  [0;39m Starting service [Tomcat]
2022-02-08 23:35:09.003 INFO  org.apache.catalina.core.StandardEngine           :173  [32m                  [0;39m Starting Servlet engine: [Apache Tomcat/9.0.39]
2022-02-08 23:35:09.009 INFO  o.a.c.core.ContainerBase.[Tomcat].[localhost].[/] :173  [32m                  [0;39m Initializing Spring embedded WebApplicationContext
2022-02-08 23:35:09.009 INFO  o.s.b.w.s.c.ServletWebServerApplicationContext    :289  [32m                  [0;39m Root WebApplicationContext: initialization completed in 141 ms
2022-02-08 23:35:09.065 INFO  o.s.scheduling.concurrent.ThreadPoolTaskExecutor  :181  [32m                  [0;39m Initializing ExecutorService 'applicationTaskExecutor'
2022-02-08 23:35:09.100 INFO  o.s.b.d.autoconfigure.OptionalLiveReloadServer    :58   [32m                  [0;39m LiveReload server is running on port 35729
2022-02-08 23:35:09.105 INFO  org.apache.coyote.http11.Http11NioProtocol        :173  [32m                  [0;39m Starting ProtocolHandler ["http-nio-8081"]
2022-02-08 23:35:09.107 INFO  o.s.boot.web.embedded.tomcat.TomcatWebServer      :220  [32m                  [0;39m Tomcat started on port(s): 8081 (http) with context path ''
2022-02-08 23:35:09.110 INFO  com.sy.wiki.WikiApplication                       :61   [32m                  [0;39m Started WikiApplication in 20.283 seconds (JVM running for 293.64)
2022-02-08 23:35:09.111 INFO  o.s.b.d.a.ConditionEvaluationDeltaLoggingListener :63   [32m                  [0;39m Condition evaluation unchanged
2022-02-08 23:35:09.112 INFO  com.sy.wiki.WikiApplication                       :20   [32m                  [0;39m 启动成功!!!
2022-02-08 23:35:09.112 INFO  com.sy.wiki.WikiApplication                       :21   [32m                  [0;39m 地址: 	http://127.0.0.1:8081
2022-02-08 23:48:40.921 INFO  o.s.scheduling.concurrent.ThreadPoolTaskExecutor  :218  [32m                  [0;39m Shutting down ExecutorService 'applicationTaskExecutor'
2022-02-08 23:48:56.057 WARN  org.springframework.boot.StartupInfoLogger        :117  [32m                  [0;39m InetAddress.getLocalHost().getHostName() took 5002 milliseconds to respond. Please verify your network configuration (macOS machines may need to add entries to /etc/hosts).
2022-02-08 23:49:01.060 INFO  com.sy.wiki.WikiApplication                       :55   [32m                  [0;39m Starting WikiApplication using Java 1.8.0_291 on Aliyun-Java-Developer-P6-2.local with PID 41435 (/Users/apple/IdeaProjects/wiki/target/classes started by apple in /Users/apple/IdeaProjects/wiki)
2022-02-08 23:49:01.061 INFO  com.sy.wiki.WikiApplication                       :660  [32m                  [0;39m No active profile set, falling back to default profiles: default
2022-02-08 23:49:01.187 INFO  o.s.boot.web.embedded.tomcat.TomcatWebServer      :108  [32m                  [0;39m Tomcat initialized with port(s): 8081 (http)
2022-02-08 23:49:01.188 INFO  org.apache.coyote.http11.Http11NioProtocol        :173  [32m                  [0;39m Initializing ProtocolHandler ["http-nio-8081"]
2022-02-08 23:49:01.188 INFO  org.apache.catalina.core.StandardService          :173  [32m                  [0;39m Starting service [Tomcat]
2022-02-08 23:49:01.188 INFO  org.apache.catalina.core.StandardEngine           :173  [32m                  [0;39m Starting Servlet engine: [Apache Tomcat/9.0.39]
2022-02-08 23:49:01.197 INFO  o.a.c.core.ContainerBase.[Tomcat].[localhost].[/] :173  [32m                  [0;39m Initializing Spring embedded WebApplicationContext
2022-02-08 23:49:01.197 INFO  o.s.b.w.s.c.ServletWebServerApplicationContext    :289  [32m                  [0;39m Root WebApplicationContext: initialization completed in 132 ms
2022-02-08 23:49:01.247 INFO  o.s.scheduling.concurrent.ThreadPoolTaskExecutor  :181  [32m                  [0;39m Initializing ExecutorService 'applicationTaskExecutor'
2022-02-08 23:49:01.283 INFO  o.s.b.d.autoconfigure.OptionalLiveReloadServer    :58   [32m                  [0;39m LiveReload server is running on port 35729
2022-02-08 23:49:01.289 INFO  org.apache.coyote.http11.Http11NioProtocol        :173  [32m                  [0;39m Starting ProtocolHandler ["http-nio-8081"]
2022-02-08 23:49:01.291 INFO  o.s.boot.web.embedded.tomcat.TomcatWebServer      :220  [32m                  [0;39m Tomcat started on port(s): 8081 (http) with context path ''
2022-02-08 23:49:01.294 INFO  com.sy.wiki.WikiApplication                       :61   [32m                  [0;39m Started WikiApplication in 20.269 seconds (JVM running for 1125.853)
2022-02-08 23:49:01.295 INFO  o.s.b.d.a.ConditionEvaluationDeltaLoggingListener :63   [32m                  [0;39m Condition evaluation unchanged
2022-02-08 23:49:01.295 INFO  com.sy.wiki.WikiApplication                       :20   [32m                  [0;39m 启动成功!!!
2022-02-08 23:49:01.295 INFO  com.sy.wiki.WikiApplication                       :21   [32m                  [0;39m 地址: 	http://127.0.0.1:8081
2022-02-08 23:52:53.301 INFO  o.s.scheduling.concurrent.ThreadPoolTaskExecutor  :218  [32m                  [0;39m Shutting down ExecutorService 'applicationTaskExecutor'
2022-02-08 23:53:08.407 WARN  org.springframework.boot.StartupInfoLogger        :117  [32m                  [0;39m InetAddress.getLocalHost().getHostName() took 5001 milliseconds to respond. Please verify your network configuration (macOS machines may need to add entries to /etc/hosts).
2022-02-08 23:53:13.410 INFO  com.sy.wiki.WikiApplication                       :55   [32m                  [0;39m Starting WikiApplication using Java 1.8.0_291 on Aliyun-Java-Developer-P6-2.local with PID 41435 (/Users/apple/IdeaProjects/wiki/target/classes started by apple in /Users/apple/IdeaProjects/wiki)
2022-02-08 23:53:13.411 INFO  com.sy.wiki.WikiApplication                       :660  [32m                  [0;39m No active profile set, falling back to default profiles: default
2022-02-08 23:53:13.530 INFO  o.s.boot.web.embedded.tomcat.TomcatWebServer      :108  [32m                  [0;39m Tomcat initialized with port(s): 8081 (http)
2022-02-08 23:53:13.531 INFO  org.apache.coyote.http11.Http11NioProtocol        :173  [32m                  [0;39m Initializing ProtocolHandler ["http-nio-8081"]
2022-02-08 23:53:13.531 INFO  org.apache.catalina.core.StandardService          :173  [32m                  [0;39m Starting service [Tomcat]
2022-02-08 23:53:13.531 INFO  org.apache.catalina.core.StandardEngine           :173  [32m                  [0;39m Starting Servlet engine: [Apache Tomcat/9.0.39]
2022-02-08 23:53:13.537 INFO  o.a.c.core.ContainerBase.[Tomcat].[localhost].[/] :173  [32m                  [0;39m Initializing Spring embedded WebApplicationContext
2022-02-08 23:53:13.537 INFO  o.s.b.w.s.c.ServletWebServerApplicationContext    :289  [32m                  [0;39m Root WebApplicationContext: initialization completed in 123 ms
2022-02-08 23:53:13.604 INFO  o.s.scheduling.concurrent.ThreadPoolTaskExecutor  :181  [32m                  [0;39m Initializing ExecutorService 'applicationTaskExecutor'
2022-02-08 23:53:13.634 INFO  o.s.b.d.autoconfigure.OptionalLiveReloadServer    :58   [32m                  [0;39m LiveReload server is running on port 35729
2022-02-08 23:53:13.639 INFO  org.apache.coyote.http11.Http11NioProtocol        :173  [32m                  [0;39m Starting ProtocolHandler ["http-nio-8081"]
2022-02-08 23:53:13.641 INFO  o.s.boot.web.embedded.tomcat.TomcatWebServer      :220  [32m                  [0;39m Tomcat started on port(s): 8081 (http) with context path ''
2022-02-08 23:53:13.644 INFO  com.sy.wiki.WikiApplication                       :61   [32m                  [0;39m Started WikiApplication in 20.269 seconds (JVM running for 1378.211)
2022-02-08 23:53:13.645 INFO  o.s.b.d.a.ConditionEvaluationDeltaLoggingListener :63   [32m                  [0;39m Condition evaluation unchanged
2022-02-08 23:53:13.645 INFO  com.sy.wiki.WikiApplication                       :20   [32m                  [0;39m 启动成功!!!
2022-02-08 23:53:13.646 INFO  com.sy.wiki.WikiApplication                       :21   [32m                  [0;39m 地址: 	http://127.0.0.1:8081
2022-02-08 23:53:15.111 INFO  o.s.scheduling.concurrent.ThreadPoolTaskExecutor  :218  [32m                  [0;39m Shutting down ExecutorService 'applicationTaskExecutor'
2022-02-08 23:53:30.193 WARN  org.springframework.boot.StartupInfoLogger        :117  [32m                  [0;39m InetAddress.getLocalHost().getHostName() took 5002 milliseconds to respond. Please verify your network configuration (macOS machines may need to add entries to /etc/hosts).
2022-02-08 23:53:35.195 INFO  com.sy.wiki.WikiApplication                       :55   [32m                  [0;39m Starting WikiApplication using Java 1.8.0_291 on Aliyun-Java-Developer-P6-2.local with PID 41435 (/Users/apple/IdeaProjects/wiki/target/classes started by apple in /Users/apple/IdeaProjects/wiki)
2022-02-08 23:53:35.195 INFO  com.sy.wiki.WikiApplication                       :660  [32m                  [0;39m No active profile set, falling back to default profiles: default
2022-02-08 23:53:35.319 INFO  o.s.boot.web.embedded.tomcat.TomcatWebServer      :108  [32m                  [0;39m Tomcat initialized with port(s): 8081 (http)
2022-02-08 23:53:35.319 INFO  org.apache.coyote.http11.Http11NioProtocol        :173  [32m                  [0;39m Initializing ProtocolHandler ["http-nio-8081"]
2022-02-08 23:53:35.320 INFO  org.apache.catalina.core.StandardService          :173  [32m                  [0;39m Starting service [Tomcat]
2022-02-08 23:53:35.320 INFO  org.apache.catalina.core.StandardEngine           :173  [32m                  [0;39m Starting Servlet engine: [Apache Tomcat/9.0.39]
2022-02-08 23:53:35.326 INFO  o.a.c.core.ContainerBase.[Tomcat].[localhost].[/] :173  [32m                  [0;39m Initializing Spring embedded WebApplicationContext
2022-02-08 23:53:35.326 INFO  o.s.b.w.s.c.ServletWebServerApplicationContext    :289  [32m                  [0;39m Root WebApplicationContext: initialization completed in 127 ms
2022-02-08 23:53:35.387 INFO  o.s.scheduling.concurrent.ThreadPoolTaskExecutor  :181  [32m                  [0;39m Initializing ExecutorService 'applicationTaskExecutor'
2022-02-08 23:53:35.417 INFO  o.s.b.d.autoconfigure.OptionalLiveReloadServer    :58   [32m                  [0;39m LiveReload server is running on port 35729
2022-02-08 23:53:35.422 INFO  org.apache.coyote.http11.Http11NioProtocol        :173  [32m                  [0;39m Starting ProtocolHandler ["http-nio-8081"]
2022-02-08 23:53:35.424 INFO  o.s.boot.web.embedded.tomcat.TomcatWebServer      :220  [32m                  [0;39m Tomcat started on port(s): 8081 (http) with context path ''
2022-02-08 23:53:35.427 INFO  com.sy.wiki.WikiApplication                       :61   [32m                  [0;39m Started WikiApplication in 20.263 seconds (JVM running for 1399.995)
2022-02-08 23:53:35.428 INFO  o.s.b.d.a.ConditionEvaluationDeltaLoggingListener :63   [32m                  [0;39m Condition evaluation unchanged
2022-02-08 23:53:35.428 INFO  com.sy.wiki.WikiApplication                       :20   [32m                  [0;39m 启动成功!!!
2022-02-08 23:53:35.428 INFO  com.sy.wiki.WikiApplication                       :21   [32m                  [0;39m 地址: 	http://127.0.0.1:8081
