2022-02-09 00:04:35.258 INFO  o.a.c.core.ContainerBase.[Tomcat].[localhost].[/] :173  [32m                  [0;39m Initializing Spring DispatcherServlet 'dispatcherServlet'
2022-02-09 00:04:35.259 INFO  org.springframework.web.servlet.DispatcherServlet :525  [32m                  [0;39m Initializing Servlet 'dispatcherServlet'
2022-02-09 00:04:35.260 INFO  org.springframework.web.servlet.DispatcherServlet :547  [32m                  [0;39m Completed initialization in 1 ms
2022-02-09 00:04:53.185 INFO  o.s.scheduling.concurrent.ThreadPoolTaskExecutor  :218  [32m                  [0;39m Shutting down ExecutorService 'applicationTaskExecutor'
2022-02-09 00:05:08.302 WARN  org.springframework.boot.StartupInfoLogger        :117  [32m                  [0;39m InetAddress.getLocalHost().getHostName() took 5002 milliseconds to respond. Please verify your network configuration (macOS machines may need to add entries to /etc/hosts).
2022-02-09 00:05:13.305 INFO  com.sy.wiki.WikiApplication                       :55   [32m                  [0;39m Starting WikiApplication using Java 1.8.0_291 on Aliyun-Java-Developer-P6-2.local with PID 41435 (/Users/apple/IdeaProjects/wiki/target/classes started by apple in /Users/apple/IdeaProjects/wiki)
2022-02-09 00:05:13.306 INFO  com.sy.wiki.WikiApplication                       :660  [32m                  [0;39m No active profile set, falling back to default profiles: default
2022-02-09 00:05:13.423 INFO  o.s.boot.web.embedded.tomcat.TomcatWebServer      :108  [32m                  [0;39m Tomcat initialized with port(s): 8081 (http)
2022-02-09 00:05:13.423 INFO  org.apache.coyote.http11.Http11NioProtocol        :173  [32m                  [0;39m Initializing ProtocolHandler ["http-nio-8081"]
2022-02-09 00:05:13.424 INFO  org.apache.catalina.core.StandardService          :173  [32m                  [0;39m Starting service [Tomcat]
2022-02-09 00:05:13.424 INFO  org.apache.catalina.core.StandardEngine           :173  [32m                  [0;39m Starting Servlet engine: [Apache Tomcat/9.0.39]
2022-02-09 00:05:13.429 INFO  o.a.c.core.ContainerBase.[Tomcat].[localhost].[/] :173  [32m                  [0;39m Initializing Spring embedded WebApplicationContext
2022-02-09 00:05:13.429 INFO  o.s.b.w.s.c.ServletWebServerApplicationContext    :289  [32m                  [0;39m Root WebApplicationContext: initialization completed in 120 ms
2022-02-09 00:05:13.485 INFO  o.s.scheduling.concurrent.ThreadPoolTaskExecutor  :181  [32m                  [0;39m Initializing ExecutorService 'applicationTaskExecutor'
2022-02-09 00:05:13.516 INFO  o.s.b.d.autoconfigure.OptionalLiveReloadServer    :58   [32m                  [0;39m LiveReload server is running on port 35729
2022-02-09 00:05:13.522 INFO  org.apache.coyote.http11.Http11NioProtocol        :173  [32m                  [0;39m Starting ProtocolHandler ["http-nio-8081"]
2022-02-09 00:05:13.523 INFO  o.s.boot.web.embedded.tomcat.TomcatWebServer      :220  [32m                  [0;39m Tomcat started on port(s): 8081 (http) with context path ''
2022-02-09 00:05:13.526 INFO  com.sy.wiki.WikiApplication                       :61   [32m                  [0;39m Started WikiApplication in 20.252 seconds (JVM running for 2098.151)
2022-02-09 00:05:13.527 INFO  o.s.b.d.a.ConditionEvaluationDeltaLoggingListener :63   [32m                  [0;39m Condition evaluation unchanged
2022-02-09 00:05:13.528 INFO  com.sy.wiki.WikiApplication                       :20   [32m                  [0;39m 启动成功!!!
2022-02-09 00:05:13.528 INFO  com.sy.wiki.WikiApplication                       :21   [32m                  [0;39m 地址: 	http://127.0.0.1:8081
2022-02-09 00:05:33.317 INFO  o.a.c.core.ContainerBase.[Tomcat].[localhost].[/] :173  [32m                  [0;39m Initializing Spring DispatcherServlet 'dispatcherServlet'
2022-02-09 00:05:33.318 INFO  org.springframework.web.servlet.DispatcherServlet :525  [32m                  [0;39m Initializing Servlet 'dispatcherServlet'
2022-02-09 00:05:33.319 INFO  org.springframework.web.servlet.DispatcherServlet :547  [32m                  [0;39m Completed initialization in 1 ms
2022-02-09 00:05:33.330 INFO  com.zaxxer.hikari.HikariDataSource                :110  [32m                  [0;39m HikariPool-2 - Starting...
2022-02-09 00:05:33.346 INFO  com.zaxxer.hikari.HikariDataSource                :123  [32m                  [0;39m HikariPool-2 - Start completed.
2022-02-09 00:08:42.007 INFO  o.s.scheduling.concurrent.ThreadPoolTaskExecutor  :218  [32m                  [0;39m Shutting down ExecutorService 'applicationTaskExecutor'
2022-02-09 00:08:42.008 INFO  com.zaxxer.hikari.HikariDataSource                :350  [32m                  [0;39m HikariPool-2 - Shutdown initiated...
2022-02-09 00:08:42.014 INFO  com.zaxxer.hikari.HikariDataSource                :352  [32m                  [0;39m HikariPool-2 - Shutdown completed.
